<?xml version="1.0" encoding="UTF-8"?>
<!-- Generated by org.testng.reporters.JUnitXMLReporter -->
<testsuite hostname="Apples-MacBook-Pro.local" ignored="0" name="Default test" tests="4" failures="0" timestamp="30 Jul 2018 13:28:10 GMT" time="1.183" errors="0">
  <testcase name="testMethod" time="0.012" classname="readexcelsheet.ExcelUtils"/>
  <testcase name="testMethod" time="0.003" classname="readexcelsheet.ExcelUtils"/>
  <testcase name="testMethod" time="0.002" classname="readexcelsheet.ExcelUtils"/>
  <testcase name="testMethod" time="0.002" classname="readexcelsheet.ExcelUtils"/>
</testsuite> <!-- Default test -->
