<?xml version="1.0" encoding="UTF-8"?>
<!-- Generated by org.testng.reporters.JUnitXMLReporter -->
<testsuite hostname="Apples-MacBook-Pro.local" ignored="0" name="Default test" tests="4" failures="0" timestamp="31 Jul 2018 12:29:01 GMT" time="1.6" errors="0">
  <testcase name="testMethod" time="0.01" classname="readexcelsheet.ExcelUtils"/>
  <testcase name="testMethod" time="0.001" classname="readexcelsheet.ExcelUtils"/>
  <testcase name="testMethod" time="0.001" classname="readexcelsheet.ExcelUtils"/>
  <testcase name="testMethod" time="0.001" classname="readexcelsheet.ExcelUtils"/>
</testsuite> <!-- Default test -->
