<?xml version="1.0" encoding="UTF-8"?>
<testng-results skipped="0" failed="0" ignored="0" total="4" passed="4">
  <reporter-output>
  </reporter-output>
  <suite name="Default suite" duration-ms="1600" started-at="2018-07-31T12:28:59Z" finished-at="2018-07-31T12:29:01Z">
    <groups>
    </groups>
    <test name="Default test" duration-ms="1600" started-at="2018-07-31T12:28:59Z" finished-at="2018-07-31T12:29:01Z">
      <class name="readexcelsheet.ExcelUtils">
        <test-method status="PASS" signature="testMethod(java.lang.String, java.lang.String, java.lang.String)[pri:0, instance:readexcelsheet.ExcelUtils@27efef64]" name="testMethod" duration-ms="10" started-at="2018-07-31T12:29:01Z" data-provider="GetData" finished-at="2018-07-31T12:29:01Z">
          <params>
            <param index="0">
              <value>
                <![CDATA[TC1]]>
              </value>
            </param>
            <param index="1">
              <value>
                <![CDATA[Dsamanta]]>
              </value>
            </param>
            <param index="2">
              <value>
                <![CDATA[Mypuchu]]>
              </value>
            </param>
          </params>
          <reporter-output>
          </reporter-output>
        </test-method> <!-- testMethod -->
        <test-method status="PASS" signature="testMethod(java.lang.String, java.lang.String, java.lang.String)[pri:0, instance:readexcelsheet.ExcelUtils@27efef64]" name="testMethod" duration-ms="1" started-at="2018-07-31T12:29:01Z" data-provider="GetData" finished-at="2018-07-31T12:29:01Z">
          <params>
            <param index="0">
              <value>
                <![CDATA[TC2]]>
              </value>
            </param>
            <param index="1">
              <value>
                <![CDATA[Mmohanty]]>
              </value>
            </param>
            <param index="2">
              <value>
                <![CDATA[Mypuchu]]>
              </value>
            </param>
          </params>
          <reporter-output>
          </reporter-output>
        </test-method> <!-- testMethod -->
        <test-method status="PASS" signature="testMethod(java.lang.String, java.lang.String, java.lang.String)[pri:0, instance:readexcelsheet.ExcelUtils@27efef64]" name="testMethod" duration-ms="1" started-at="2018-07-31T12:29:01Z" data-provider="GetData" finished-at="2018-07-31T12:29:01Z">
          <params>
            <param index="0">
              <value>
                <![CDATA[TC3]]>
              </value>
            </param>
            <param index="1">
              <value>
                <![CDATA[Ksamanta]]>
              </value>
            </param>
            <param index="2">
              <value>
                <![CDATA[Mypuchu]]>
              </value>
            </param>
          </params>
          <reporter-output>
          </reporter-output>
        </test-method> <!-- testMethod -->
        <test-method status="PASS" signature="testMethod(java.lang.String, java.lang.String, java.lang.String)[pri:0, instance:readexcelsheet.ExcelUtils@27efef64]" name="testMethod" duration-ms="1" started-at="2018-07-31T12:29:01Z" data-provider="GetData" finished-at="2018-07-31T12:29:01Z">
          <params>
            <param index="0">
              <value>
                <![CDATA[TC4]]>
              </value>
            </param>
            <param index="1">
              <value>
                <![CDATA[Asamanta]]>
              </value>
            </param>
            <param index="2">
              <value>
                <![CDATA[Mypuchu]]>
              </value>
            </param>
          </params>
          <reporter-output>
          </reporter-output>
        </test-method> <!-- testMethod -->
      </class> <!-- readexcelsheet.ExcelUtils -->
    </test> <!-- Default test -->
  </suite> <!-- Default suite -->
</testng-results>
